<?xml version="1.0" encoding="utf-8"?>
<TestRun id="74d3c5bd-d9ea-4ba7-bc01-2d4686958de4" name="David@OASIS-LAPPY 2026-02-17 02:57:40" runUser="OASIS-LAPPY\David" xmlns="http://microsoft.com/schemas/VisualStudio/TeamTest/2010">
  <Times creation="2026-02-17T02:57:40.6708604-05:00" queuing="2026-02-17T02:57:40.6708607-05:00" start="2026-02-17T02:57:38.2559159-05:00" finish="2026-02-17T02:57:40.6962092-05:00" />
  <TestSettings name="default" id="d32f6f06-d819-4ff4-9368-fad9183d5861">
    <Deployment runDeploymentRoot="David_OASIS-LAPPY_2026-02-17_02_57_40" />
  </TestSettings>
  <Results>
    <UnitTestResult executionId="7a873828-a8a7-459e-b3d6-b874ecf64d82" testId="3af43c08-549f-5d8e-f380-2f5a75507464" testName="NextGenSoftware.OASIS.STARAPI.Client.UnitTests.StarApiClientUnitTests.Init_WithInvalidWeb5BaseUrl_ReturnsInvalidParam" computerName="OASIS-LAPPY" duration="00:00:00.0002263" startTime="2026-02-17T02:57:40.4869781-05:00" endTime="2026-02-17T02:57:40.4869783-05:00" testType="13cdc9d9-ddb5-4fa4-a97d-d965ccfc6d4b" outcome="Passed" testListId="8c84fa94-04c1-424b-9868-57a2d4851a1d" relativeResultsDirectory="7a873828-a8a7-459e-b3d6-b874ecf64d82" />
    <UnitTestResult executionId="90d7b172-2949-4fe8-bc60-8fdc0af54e46" testId="5c743be0-bdfb-1c72-bc4f-445083326474" testName="NextGenSoftware.OASIS.STARAPI.Client.UnitTests.StarApiExportsUnitTests.StarApiInit_NullConfig_ReturnsInvalidParam_AndSetsError" computerName="OASIS-LAPPY" duration="00:00:00.0014917" startTime="2026-02-17T02:57:40.4436182-05:00" endTime="2026-02-17T02:57:40.4436184-05:00" testType="13cdc9d9-ddb5-4fa4-a97d-d965ccfc6d4b" outcome="Passed" testListId="8c84fa94-04c1-424b-9868-57a2d4851a1d" relativeResultsDirectory="90d7b172-2949-4fe8-bc60-8fdc0af54e46" />
    <UnitTestResult executionId="10e68768-169a-49d7-9658-4271077e9285" testId="762979b1-0307-ec07-777a-afd480a225a8" testName="NextGenSoftware.OASIS.STARAPI.Client.UnitTests.StarApiClientUnitTests.Init_WithMissingWeb5BaseUrl_ReturnsInvalidParam" computerName="OASIS-LAPPY" duration="00:00:00.0002215" startTime="2026-02-17T02:57:40.4822264-05:00" endTime="2026-02-17T02:57:40.4822266-05:00" testType="13cdc9d9-ddb5-4fa4-a97d-d965ccfc6d4b" outcome="Passed" testListId="8c84fa94-04c1-424b-9868-57a2d4851a1d" relativeResultsDirectory="10e68768-169a-49d7-9658-4271077e9285" />
    <UnitTestResult executionId="7fbeb0b7-7e11-4cb9-86fe-87e971428db3" testId="9d8d3ad1-4c16-5bf5-b2d9-f4d83d777466" testName="NextGenSoftware.OASIS.STARAPI.Client.UnitTests.StarApiClientUnitTests.Methods_WhenNotInitialized_ReturnNotInitialized" computerName="OASIS-LAPPY" duration="00:00:00.0429253" startTime="2026-02-17T02:57:40.4568221-05:00" endTime="2026-02-17T02:57:40.4568225-05:00" testType="13cdc9d9-ddb5-4fa4-a97d-d965ccfc6d4b" outcome="Passed" testListId="8c84fa94-04c1-424b-9868-57a2d4851a1d" relativeResultsDirectory="7fbeb0b7-7e11-4cb9-86fe-87e971428db3" />
    <UnitTestResult executionId="423103f0-1a11-49eb-b0a3-3419ddc3e529" testId="42a5fac5-275c-23e9-bf9f-7b42af99b5d7" testName="NextGenSoftware.OASIS.STARAPI.Client.UnitTests.StarApiClientUnitTests.Failure_UpdatesLastError_AndInvokesCallback" computerName="OASIS-LAPPY" duration="00:00:00.0042780" startTime="2026-02-17T02:57:40.4866370-05:00" endTime="2026-02-17T02:57:40.4866373-05:00" testType="13cdc9d9-ddb5-4fa4-a97d-d965ccfc6d4b" outcome="Passed" testListId="8c84fa94-04c1-424b-9868-57a2d4851a1d" relativeResultsDirectory="423103f0-1a11-49eb-b0a3-3419ddc3e529" />
    <UnitTestResult executionId="aac38f44-1f3c-4fe6-b6bf-4a4bae813f07" testId="5f82398e-3819-00f2-5b6e-25a84e54a670" testName="NextGenSoftware.OASIS.STARAPI.Client.UnitTests.StarApiExportsUnitTests.StarApiSetOasisBaseUrl_BeforeInit_ReturnsNotInitialized" computerName="OASIS-LAPPY" duration="00:00:00.0010949" startTime="2026-02-17T02:57:40.4441193-05:00" endTime="2026-02-17T02:57:40.4441194-05:00" testType="13cdc9d9-ddb5-4fa4-a97d-d965ccfc6d4b" outcome="Passed" testListId="8c84fa94-04c1-424b-9868-57a2d4851a1d" relativeResultsDirectory="aac38f44-1f3c-4fe6-b6bf-4a4bae813f07" />
    <UnitTestResult executionId="fd454a37-3a10-4519-bc6d-f0784f9054f1" testId="5d50c6b9-5a06-1dd3-4d2f-b9dce1227aaf" testName="NextGenSoftware.OASIS.STARAPI.Client.UnitTests.StarApiExportsUnitTests.StarApiGetInventory_NullOutPointer_ReturnsInvalidParam" computerName="OASIS-LAPPY" duration="00:00:00.0212333" startTime="2026-02-17T02:57:40.4392111-05:00" endTime="2026-02-17T02:57:40.4392419-05:00" testType="13cdc9d9-ddb5-4fa4-a97d-d965ccfc6d4b" outcome="Passed" testListId="8c84fa94-04c1-424b-9868-57a2d4851a1d" relativeResultsDirectory="fd454a37-3a10-4519-bc6d-f0784f9054f1" />
    <UnitTestResult executionId="e737c15d-e1ba-4c58-95b9-8c42e9faf535" testId="2172387a-a2c5-04c5-b99b-20a92c35d377" testName="NextGenSoftware.OASIS.STARAPI.Client.UnitTests.StarApiClientUnitTests.Init_ThenCleanup_Succeeds" computerName="OASIS-LAPPY" duration="00:00:00.0249568" startTime="2026-02-17T02:57:40.4819150-05:00" endTime="2026-02-17T02:57:40.4819156-05:00" testType="13cdc9d9-ddb5-4fa4-a97d-d965ccfc6d4b" outcome="Passed" testListId="8c84fa94-04c1-424b-9868-57a2d4851a1d" relativeResultsDirectory="e737c15d-e1ba-4c58-95b9-8c42e9faf535" />
  </Results>
  <TestDefinitions>
    <UnitTest name="NextGenSoftware.OASIS.STARAPI.Client.UnitTests.StarApiExportsUnitTests.StarApiGetInventory_NullOutPointer_ReturnsInvalidParam" storage="c:\source\oasis-master\oasis omniverse\starapiclient\testprojects\nextgensoftware.oasis.starapi.client.unittests\bin\release\net8.0\nextgensoftware.oasis.starapi.client.unittests.dll" id="5d50c6b9-5a06-1dd3-4d2f-b9dce1227aaf">
      <Execution id="fd454a37-3a10-4519-bc6d-f0784f9054f1" />
      <TestMethod codeBase="C:\Source\OASIS-master\OASIS Omniverse\STARAPIClient\TestProjects\NextGenSoftware.OASIS.STARAPI.Client.UnitTests\bin\Release\net8.0\NextGenSoftware.OASIS.STARAPI.Client.UnitTests.dll" adapterTypeName="executor://xunit/VsTestRunner2/netcoreapp" className="NextGenSoftware.OASIS.STARAPI.Client.UnitTests.StarApiExportsUnitTests" name="StarApiGetInventory_NullOutPointer_ReturnsInvalidParam" />
    </UnitTest>
    <UnitTest name="NextGenSoftware.OASIS.STARAPI.Client.UnitTests.StarApiClientUnitTests.Methods_WhenNotInitialized_ReturnNotInitialized" storage="c:\source\oasis-master\oasis omniverse\starapiclient\testprojects\nextgensoftware.oasis.starapi.client.unittests\bin\release\net8.0\nextgensoftware.oasis.starapi.client.unittests.dll" id="9d8d3ad1-4c16-5bf5-b2d9-f4d83d777466">
      <Execution id="7fbeb0b7-7e11-4cb9-86fe-87e971428db3" />
      <TestMethod codeBase="C:\Source\OASIS-master\OASIS Omniverse\STARAPIClient\TestProjects\NextGenSoftware.OASIS.STARAPI.Client.UnitTests\bin\Release\net8.0\NextGenSoftware.OASIS.STARAPI.Client.UnitTests.dll" adapterTypeName="executor://xunit/VsTestRunner2/netcoreapp" className="NextGenSoftware.OASIS.STARAPI.Client.UnitTests.StarApiClientUnitTests" name="Methods_WhenNotInitialized_ReturnNotInitialized" />
    </UnitTest>
    <UnitTest name="NextGenSoftware.OASIS.STARAPI.Client.UnitTests.StarApiClientUnitTests.Init_ThenCleanup_Succeeds" storage="c:\source\oasis-master\oasis omniverse\starapiclient\testprojects\nextgensoftware.oasis.starapi.client.unittests\bin\release\net8.0\nextgensoftware.oasis.starapi.client.unittests.dll" id="2172387a-a2c5-04c5-b99b-20a92c35d377">
      <Execution id="e737c15d-e1ba-4c58-95b9-8c42e9faf535" />
      <TestMethod codeBase="C:\Source\OASIS-master\OASIS Omniverse\STARAPIClient\TestProjects\NextGenSoftware.OASIS.STARAPI.Client.UnitTests\bin\Release\net8.0\NextGenSoftware.OASIS.STARAPI.Client.UnitTests.dll" adapterTypeName="executor://xunit/VsTestRunner2/netcoreapp" className="NextGenSoftware.OASIS.STARAPI.Client.UnitTests.StarApiClientUnitTests" name="Init_ThenCleanup_Succeeds" />
    </UnitTest>
    <UnitTest name="NextGenSoftware.OASIS.STARAPI.Client.UnitTests.StarApiExportsUnitTests.StarApiSetOasisBaseUrl_BeforeInit_ReturnsNotInitialized" storage="c:\source\oasis-master\oasis omniverse\starapiclient\testprojects\nextgensoftware.oasis.starapi.client.unittests\bin\release\net8.0\nextgensoftware.oasis.starapi.client.unittests.dll" id="5f82398e-3819-00f2-5b6e-25a84e54a670">
      <Execution id="aac38f44-1f3c-4fe6-b6bf-4a4bae813f07" />
      <TestMethod codeBase="C:\Source\OASIS-master\OASIS Omniverse\STARAPIClient\TestProjects\NextGenSoftware.OASIS.STARAPI.Client.UnitTests\bin\Release\net8.0\NextGenSoftware.OASIS.STARAPI.Client.UnitTests.dll" adapterTypeName="executor://xunit/VsTestRunner2/netcoreapp" className="NextGenSoftware.OASIS.STARAPI.Client.UnitTests.StarApiExportsUnitTests" name="StarApiSetOasisBaseUrl_BeforeInit_ReturnsNotInitialized" />
    </UnitTest>
    <UnitTest name="NextGenSoftware.OASIS.STARAPI.Client.UnitTests.StarApiClientUnitTests.Failure_UpdatesLastError_AndInvokesCallback" storage="c:\source\oasis-master\oasis omniverse\starapiclient\testprojects\nextgensoftware.oasis.starapi.client.unittests\bin\release\net8.0\nextgensoftware.oasis.starapi.client.unittests.dll" id="42a5fac5-275c-23e9-bf9f-7b42af99b5d7">
      <Execution id="423103f0-1a11-49eb-b0a3-3419ddc3e529" />
      <TestMethod codeBase="C:\Source\OASIS-master\OASIS Omniverse\STARAPIClient\TestProjects\NextGenSoftware.OASIS.STARAPI.Client.UnitTests\bin\Release\net8.0\NextGenSoftware.OASIS.STARAPI.Client.UnitTests.dll" adapterTypeName="executor://xunit/VsTestRunner2/netcoreapp" className="NextGenSoftware.OASIS.STARAPI.Client.UnitTests.StarApiClientUnitTests" name="Failure_UpdatesLastError_AndInvokesCallback" />
    </UnitTest>
    <UnitTest name="NextGenSoftware.OASIS.STARAPI.Client.UnitTests.StarApiClientUnitTests.Init_WithInvalidWeb5BaseUrl_ReturnsInvalidParam" storage="c:\source\oasis-master\oasis omniverse\starapiclient\testprojects\nextgensoftware.oasis.starapi.client.unittests\bin\release\net8.0\nextgensoftware.oasis.starapi.client.unittests.dll" id="3af43c08-549f-5d8e-f380-2f5a75507464">
      <Execution id="7a873828-a8a7-459e-b3d6-b874ecf64d82" />
      <TestMethod codeBase="C:\Source\OASIS-master\OASIS Omniverse\STARAPIClient\TestProjects\NextGenSoftware.OASIS.STARAPI.Client.UnitTests\bin\Release\net8.0\NextGenSoftware.OASIS.STARAPI.Client.UnitTests.dll" adapterTypeName="executor://xunit/VsTestRunner2/netcoreapp" className="NextGenSoftware.OASIS.STARAPI.Client.UnitTests.StarApiClientUnitTests" name="Init_WithInvalidWeb5BaseUrl_ReturnsInvalidParam" />
    </UnitTest>
    <UnitTest name="NextGenSoftware.OASIS.STARAPI.Client.UnitTests.StarApiClientUnitTests.Init_WithMissingWeb5BaseUrl_ReturnsInvalidParam" storage="c:\source\oasis-master\oasis omniverse\starapiclient\testprojects\nextgensoftware.oasis.starapi.client.unittests\bin\release\net8.0\nextgensoftware.oasis.starapi.client.unittests.dll" id="762979b1-0307-ec07-777a-afd480a225a8">
      <Execution id="10e68768-169a-49d7-9658-4271077e9285" />
      <TestMethod codeBase="C:\Source\OASIS-master\OASIS Omniverse\STARAPIClient\TestProjects\NextGenSoftware.OASIS.STARAPI.Client.UnitTests\bin\Release\net8.0\NextGenSoftware.OASIS.STARAPI.Client.UnitTests.dll" adapterTypeName="executor://xunit/VsTestRunner2/netcoreapp" className="NextGenSoftware.OASIS.STARAPI.Client.UnitTests.StarApiClientUnitTests" name="Init_WithMissingWeb5BaseUrl_ReturnsInvalidParam" />
    </UnitTest>
    <UnitTest name="NextGenSoftware.OASIS.STARAPI.Client.UnitTests.StarApiExportsUnitTests.StarApiInit_NullConfig_ReturnsInvalidParam_AndSetsError" storage="c:\source\oasis-master\oasis omniverse\starapiclient\testprojects\nextgensoftware.oasis.starapi.client.unittests\bin\release\net8.0\nextgensoftware.oasis.starapi.client.unittests.dll" id="5c743be0-bdfb-1c72-bc4f-445083326474">
      <Execution id="90d7b172-2949-4fe8-bc60-8fdc0af54e46" />
      <TestMethod codeBase="C:\Source\OASIS-master\OASIS Omniverse\STARAPIClient\TestProjects\NextGenSoftware.OASIS.STARAPI.Client.UnitTests\bin\Release\net8.0\NextGenSoftware.OASIS.STARAPI.Client.UnitTests.dll" adapterTypeName="executor://xunit/VsTestRunner2/netcoreapp" className="NextGenSoftware.OASIS.STARAPI.Client.UnitTests.StarApiExportsUnitTests" name="StarApiInit_NullConfig_ReturnsInvalidParam_AndSetsError" />
    </UnitTest>
  </TestDefinitions>
  <TestEntries>
    <TestEntry testId="3af43c08-549f-5d8e-f380-2f5a75507464" executionId="7a873828-a8a7-459e-b3d6-b874ecf64d82" testListId="8c84fa94-04c1-424b-9868-57a2d4851a1d" />
    <TestEntry testId="5c743be0-bdfb-1c72-bc4f-445083326474" executionId="90d7b172-2949-4fe8-bc60-8fdc0af54e46" testListId="8c84fa94-04c1-424b-9868-57a2d4851a1d" />
    <TestEntry testId="762979b1-0307-ec07-777a-afd480a225a8" executionId="10e68768-169a-49d7-9658-4271077e9285" testListId="8c84fa94-04c1-424b-9868-57a2d4851a1d" />
    <TestEntry testId="9d8d3ad1-4c16-5bf5-b2d9-f4d83d777466" executionId="7fbeb0b7-7e11-4cb9-86fe-87e971428db3" testListId="8c84fa94-04c1-424b-9868-57a2d4851a1d" />
    <TestEntry testId="42a5fac5-275c-23e9-bf9f-7b42af99b5d7" executionId="423103f0-1a11-49eb-b0a3-3419ddc3e529" testListId="8c84fa94-04c1-424b-9868-57a2d4851a1d" />
    <TestEntry testId="5f82398e-3819-00f2-5b6e-25a84e54a670" executionId="aac38f44-1f3c-4fe6-b6bf-4a4bae813f07" testListId="8c84fa94-04c1-424b-9868-57a2d4851a1d" />
    <TestEntry testId="5d50c6b9-5a06-1dd3-4d2f-b9dce1227aaf" executionId="fd454a37-3a10-4519-bc6d-f0784f9054f1" testListId="8c84fa94-04c1-424b-9868-57a2d4851a1d" />
    <TestEntry testId="2172387a-a2c5-04c5-b99b-20a92c35d377" executionId="e737c15d-e1ba-4c58-95b9-8c42e9faf535" testListId="8c84fa94-04c1-424b-9868-57a2d4851a1d" />
  </TestEntries>
  <TestLists>
    <TestList name="Results Not in a List" id="8c84fa94-04c1-424b-9868-57a2d4851a1d" />
    <TestList name="All Loaded Results" id="19431567-8539-422a-85d7-44ee4e166bda" />
  </TestLists>
  <ResultSummary outcome="Completed">
    <Counters total="8" executed="8" passed="8" failed="0" error="0" timeout="0" aborted="0" inconclusive="0" passedButRunAborted="0" notRunnable="0" notExecuted="0" disconnected="0" warning="0" completed="0" inProgress="0" pending="0" />
    <Output>
      <StdOut>[xUnit.net 00:00:00.00] xUnit.net VSTest Adapter v2.5.3.1+6b60a9e56a (64-bit .NET 8.0.23)&#xD;
[xUnit.net 00:00:00.24]   Discovering: NextGenSoftware.OASIS.STARAPI.Client.UnitTests&#xD;
[xUnit.net 00:00:00.32]   Discovered:  NextGenSoftware.OASIS.STARAPI.Client.UnitTests&#xD;
[xUnit.net 00:00:00.33]   Starting:    NextGenSoftware.OASIS.STARAPI.Client.UnitTests&#xD;
[xUnit.net 00:00:00.48]   Finished:    NextGenSoftware.OASIS.STARAPI.Client.UnitTests&#xD;
</StdOut>
    </Output>
  </ResultSummary>
</TestRun>